#
# There is insufficient memory for the Java Runtime Environment to continue.
# Native memory allocation (malloc) failed to allocate 1119376 bytes for Chunk::new
# Possible reasons:
#   The system is out of physical RAM or swap space
#   The process is running with CompressedOops enabled, and the Java Heap may be blocking the growth of the native heap
# Possible solutions:
#   Reduce memory load on the system
#   Increase physical memory or swap space
#   Check if swap backing store is full
#   Decrease Java heap size (-Xmx/-Xms)
#   Decrease number of Java threads
#   Decrease Java thread stack sizes (-Xss)
#   Set larger code cache with -XX:ReservedCodeCacheSize=
#   JVM is running with Unscaled Compressed Oops mode in which the Java heap is
#     placed in the first 4GB address space. The Java Heap base address is the
#     maximum limit for the native heap growth. Please use -XX:HeapBaseMinAddress
#     to set the Java Heap base and to place the Java Heap above 4GB virtual address.
# This output file may be truncated or incomplete.
#
#  Out of Memory Error (allocation.cpp:389), pid=8924, tid=0x0000000000003198
#
# JRE version: OpenJDK Runtime Environment (8.0_202-b03) (build 1.8.0_202-release-1483-b03)
# Java VM: OpenJDK 64-Bit Server VM (25.202-b03 mixed mode windows-amd64 compressed oops)
# Failed to write core dump. Minidumps are not enabled by default on client versions of Windows
#

---------------  T H R E A D  ---------------

Current thread (0x0000000018ca3800):  JavaThread "C2 CompilerThread2" daemon [_thread_in_native, id=12696, stack(0x0000000019760000,0x0000000019860000)]

Stack: [0x0000000019760000,0x0000000019860000]
[error occurred during error reporting (printing stack bounds), id 0xc0000005]

Native frames: (J=compiled Java code, j=interpreted, Vv=VM code, C=native code)


Current CompileTask:
C2:5741731 19985       4       com.android.tools.r8.graph.DexDebugEventBuilder::a (1005 bytes)


---------------  P R O C E S S  ---------------

Java Threads: ( => current thread )
  0x000000001e445800 JavaThread "ForkJoinPool.commonPool-worker-6" daemon [_thread_blocked, id=1992, stack(0x000000002a4c0000,0x000000002a5c0000)]
  0x000000001e74f000 JavaThread "ForkJoinPool.commonPool-worker-5" daemon [_thread_blocked, id=7548, stack(0x000000002be80000,0x000000002bf80000)]
  0x000000001f288800 JavaThread "ForkJoinPool.commonPool-worker-4" daemon [_thread_blocked, id=6904, stack(0x000000002bd80000,0x000000002be80000)]
  0x000000001ccb7800 JavaThread "ForkJoinPool.commonPool-worker-3" daemon [_thread_blocked, id=5100, stack(0x000000002bc80000,0x000000002bd80000)]
  0x000000001ccbe800 JavaThread "ForkJoinPool.commonPool-worker-2" daemon [_thread_blocked, id=15260, stack(0x000000002bb80000,0x000000002bc80000)]
  0x000000001ccbd800 JavaThread "ForkJoinPool.commonPool-worker-1" daemon [_thread_blocked, id=15276, stack(0x000000002aa20000,0x000000002ab20000)]
  0x000000001f289800 JavaThread "Cache worker for Java compile cache (C:\newProjects\Wallpaper\.gradle\5.4.1\javaCompile)" [_thread_blocked, id=8492, stack(0x0000000029fc0000,0x000000002a0c0000)]
  0x000000001f28a000 JavaThread "Cache worker for Java compile cache (C:\Users\Gokul\.gradle\caches\5.4.1\javaCompile)" [_thread_blocked, id=3368, stack(0x0000000029ec0000,0x0000000029fc0000)]
  0x000000001f27e800 JavaThread "stdout" [_thread_in_native, id=2080, stack(0x0000000029bc0000,0x0000000029cc0000)]
  0x000000001f285800 JavaThread "stderr" [_thread_in_native, id=13036, stack(0x0000000029ac0000,0x0000000029bc0000)]
  0x000000001f285000 JavaThread "stdout" [_thread_in_native, id=7844, stack(0x00000000299c0000,0x0000000029ac0000)]
  0x000000001f27d000 JavaThread "stderr" [_thread_in_native, id=15552, stack(0x00000000298c0000,0x00000000299c0000)]
  0x000000001f284000 JavaThread "stdout" [_thread_in_native, id=2400, stack(0x00000000297c0000,0x00000000298c0000)]
  0x000000001f27c800 JavaThread "stderr" [_thread_in_native, id=5132, stack(0x00000000296c0000,0x00000000297c0000)]
  0x000000001f283800 JavaThread "stdout" [_thread_in_native, id=12948, stack(0x00000000295c0000,0x00000000296c0000)]
  0x000000001f27b800 JavaThread "stderr" [_thread_in_native, id=6508, stack(0x00000000294c0000,0x00000000295c0000)]
  0x000000001f282800 JavaThread "stdout" [_thread_in_native, id=2836, stack(0x00000000293c0000,0x00000000294c0000)]
  0x000000001f27b000 JavaThread "stdout" [_thread_in_native, id=8068, stack(0x00000000292c0000,0x00000000293c0000)]
  0x000000001f280000 JavaThread "stderr" [_thread_in_native, id=12292, stack(0x00000000291c0000,0x00000000292c0000)]
  0x000000001f281000 JavaThread "stderr" [_thread_in_native, id=8996, stack(0x00000000290c0000,0x00000000291c0000)]
  0x000000001f281800 JavaThread "stdout" [_thread_in_native, id=4744, stack(0x0000000028c20000,0x0000000028d20000)]
  0x000000001f27f800 JavaThread "stderr" [_thread_in_native, id=14176, stack(0x0000000028b20000,0x0000000028c20000)]
  0x000000001f27e000 JavaThread "stdout" [_thread_in_native, id=3864, stack(0x0000000028fc0000,0x00000000290c0000)]
  0x0000000018cb1800 JavaThread "stderr" [_thread_in_native, id=10184, stack(0x0000000028ec0000,0x0000000028fc0000)]
  0x0000000018cae800 JavaThread "pool-8-thread-1" [_thread_blocked, id=15716, stack(0x0000000028dc0000,0x0000000028ec0000)]
  0x000000001e446800 JavaThread "MarlinRenderer Disposer" daemon [_thread_blocked, id=2748, stack(0x0000000028a20000,0x0000000028b20000)]
  0x000000001e43e000 JavaThread "Java2D Disposer" daemon [_thread_blocked, id=780, stack(0x0000000028720000,0x0000000028820000)]
  0x000000001e438000 JavaThread "WorkerExecutor Queue Thread 7" [_thread_blocked, id=5900, stack(0x0000000028320000,0x0000000028420000)]
  0x000000001e43d800 JavaThread "WorkerExecutor Queue Thread 5" [_thread_blocked, id=13828, stack(0x0000000028120000,0x0000000028220000)]
  0x000000001ccb8800 JavaThread "WorkerExecutor Queue Thread 4" [_thread_blocked, id=13476, stack(0x0000000028020000,0x0000000028120000)]
  0x000000001ccbd000 JavaThread "WorkerExecutor Queue Thread 3" [_thread_blocked, id=14108, stack(0x0000000027f20000,0x0000000028020000)]
  0x000000001ccbc000 JavaThread "WorkerExecutor Queue Thread 2" [_thread_blocked, id=13644, stack(0x0000000027e20000,0x0000000027f20000)]
  0x000000001ccbb800 JavaThread "WorkerExecutor Queue" [_thread_blocked, id=13636, stack(0x0000000027860000,0x0000000027960000)]
  0x000000001ccb9000 JavaThread "Cache worker for execution history cache (C:\newProjects\Wallpaper\.gradle\5.4.1\executionHistory)" [_thread_blocked, id=3560, stack(0x0000000027760000,0x0000000027860000)]
  0x000000001ccba800 JavaThread "Execution worker for ':' Thread 7" [_thread_blocked, id=4052, stack(0x0000000027660000,0x0000000027760000)]
  0x000000001ccba000 JavaThread "Execution worker for ':' Thread 6" [_thread_blocked, id=6348, stack(0x0000000027560000,0x0000000027660000)]
  0x000000001ccb2800 JavaThread "Execution worker for ':' Thread 5" [_thread_blocked, id=12916, stack(0x0000000027460000,0x0000000027560000)]
  0x000000001ccb1000 JavaThread "Execution worker for ':' Thread 4" [_thread_in_Java, id=3144, stack(0x0000000027360000,0x0000000027460000)]
  0x000000001ccb7000 JavaThread "Execution worker for ':' Thread 3" [_thread_in_Java, id=6020, stack(0x0000000027260000,0x0000000027360000)]
  0x000000001ccb5800 JavaThread "Execution worker for ':' Thread 2" [_thread_blocked, id=6780, stack(0x0000000027160000,0x0000000027260000)]
  0x000000001ccb1800 JavaThread "Execution worker for ':'" [_thread_blocked, id=13540, stack(0x0000000027060000,0x0000000027160000)]
  0x000000001ccb3000 JavaThread "Cache worker for file content cache (C:\newProjects\Wallpaper\.gradle\5.4.1\fileContent)" [_thread_blocked, id=1952, stack(0x0000000026f60000,0x0000000027060000)]
  0x000000001ccb4800 JavaThread "Cache worker for file content cache (C:\Users\Gokul\.gradle\caches\5.4.1\fileContent)" [_thread_blocked, id=15200, stack(0x0000000024150000,0x0000000024250000)]
  0x000000001e756000 JavaThread "Cache worker for Build Output Cleanup Cache (C:\newProjects\Wallpaper\.gradle\buildOutputCleanup)" [_thread_blocked, id=6768, stack(0x0000000024050000,0x0000000024150000)]
  0x000000001e755000 JavaThread "pool-7-thread-1" [_thread_blocked, id=7816, stack(0x0000000023b50000,0x0000000023c50000)]
  0x000000001e757800 JavaThread "Build operations Thread 8" [_thread_blocked, id=8904, stack(0x0000000023a50000,0x0000000023b50000)]
  0x000000001e754800 JavaThread "Build operations Thread 7" [_thread_blocked, id=11072, stack(0x0000000023950000,0x0000000023a50000)]
  0x000000001e753800 JavaThread "Build operations Thread 6" [_thread_blocked, id=10020, stack(0x0000000023850000,0x0000000023950000)]
  0x000000001e753000 JavaThread "Build operations Thread 5" [_thread_blocked, id=3848, stack(0x0000000023750000,0x0000000023850000)]
  0x000000001e756800 JavaThread "Build operations Thread 4" [_thread_blocked, id=5088, stack(0x0000000023650000,0x0000000023750000)]
  0x000000001e751800 JavaThread "Build operations Thread 3" [_thread_blocked, id=10356, stack(0x0000000023550000,0x0000000023650000)]
  0x000000001e752000 JavaThread "Build operations Thread 2" [_thread_blocked, id=3856, stack(0x0000000021fe0000,0x00000000220e0000)]
  0x000000001e74e800 JavaThread "Build operations" [_thread_blocked, id=144, stack(0x00000000205c0000,0x00000000206c0000)]
  0x000000001e74b800 JavaThread "Cache worker for cache directory md-rule (C:\Users\Gokul\.gradle\caches\5.4.1\md-rule)" [_thread_blocked, id=13332, stack(0x0000000020020000,0x0000000020120000)]
  0x000000001e74d800 JavaThread "Cache worker for cache directory md-supplier (C:\Users\Gokul\.gradle\caches\5.4.1\md-supplier)" [_thread_blocked, id=7724, stack(0x000000001ff20000,0x0000000020020000)]
  0x000000001e74a000 JavaThread "Cache worker for file hash cache (C:\newProjects\Wallpaper\.gradle\5.4.1\fileHashes)" [_thread_blocked, id=8316, stack(0x000000001c2b0000,0x000000001c3b0000)]
  0x000000001e74a800 JavaThread "Thread-101" [_thread_blocked, id=7808, stack(0x000000001c1b0000,0x000000001c2b0000)]
  0x000000001e750800 JavaThread "Stdin handler" [_thread_blocked, id=3768, stack(0x000000001c0b0000,0x000000001c1b0000)]
  0x000000001e74d000 JavaThread "Asynchronous log dispatcher for DefaultDaemonConnection: socket connection from /127.0.0.1:62797 to /127.0.0.1:61206" [_thread_blocked, id=3028, stack(0x000000001bdb0000,0x000000001beb0000)]
  0x000000001e749000 JavaThread "Daemon worker Thread 3" [_thread_blocked, id=1788, stack(0x000000001bcb0000,0x000000001bdb0000)]
  0x000000001e750000 JavaThread "Cancel handler" [_thread_blocked, id=7252, stack(0x00000000014f0000,0x00000000015f0000)]
  0x000000001e748800 JavaThread "Handler for socket connection from /127.0.0.1:62797 to /127.0.0.1:61206" [_thread_in_native, id=14508, stack(0x00000000013f0000,0x00000000014f0000)]
  0x000000001e74c000 JavaThread "Daemon Thread 3" [_thread_blocked, id=3000, stack(0x00000000011d0000,0x00000000012d0000)]
  0x000000001e440800 JavaThread "Memory manager" [_thread_blocked, id=8008, stack(0x0000000024650000,0x0000000024750000)]
  0x000000001e43c000 JavaThread "Cache worker for execution history cache (C:\Users\Gokul\.gradle\caches\5.4.1\executionHistory)" [_thread_blocked, id=14396, stack(0x0000000021ae0000,0x0000000021be0000)]
  0x0000000018caf000 JavaThread "Cache worker for journal cache (C:\Users\Gokul\.gradle\caches\journal-1)" [_thread_blocked, id=4940, stack(0x000000001d880000,0x000000001d980000)]
  0x0000000018cad800 JavaThread "File lock request listener" [_thread_in_native, id=4288, stack(0x000000001d780000,0x000000001d880000)]
  0x000000001b096000 JavaThread "Cache worker for file hash cache (C:\Users\Gokul\.gradle\caches\5.4.1\fileHashes)" [_thread_blocked, id=7840, stack(0x000000001d680000,0x000000001d780000)]
  0x000000001aeb1800 JavaThread "Daemon periodic checks" [_thread_blocked, id=13628, stack(0x000000001bbb0000,0x000000001bcb0000)]
  0x000000001aebc000 JavaThread "Incoming local TCP Connector on port 62797" [_thread_in_native, id=15824, stack(0x000000001b970000,0x000000001ba70000)]
  0x000000001af6e800 JavaThread "Daemon health stats" [_thread_blocked, id=8956, stack(0x000000001b330000,0x000000001b430000)]
  0x0000000018d2a000 JavaThread "Service Thread" daemon [_thread_blocked, id=14596, stack(0x0000000019960000,0x0000000019a60000)]
  0x0000000018cad000 JavaThread "C1 CompilerThread3" daemon [_thread_blocked, id=15020, stack(0x0000000019860000,0x0000000019960000)]
=>0x0000000018ca3800 JavaThread "C2 CompilerThread2" daemon [_thread_in_native, id=12696, stack(0x0000000019760000,0x0000000019860000)]
  0x0000000018c91000 JavaThread "C2 CompilerThread1" daemon [_thread_in_native, id=6896, stack(0x0000000019660000,0x0000000019760000)]
  0x0000000018c8e800 JavaThread "C2 CompilerThread0" daemon [_thread_in_native, id=9044, stack(0x0000000019560000,0x0000000019660000)]
  0x0000000018c8a000 JavaThread "Attach Listener" daemon [_thread_blocked, id=11752, stack(0x0000000019460000,0x0000000019560000)]
  0x0000000018c89000 JavaThread "Signal Dispatcher" daemon [_thread_blocked, id=13144, stack(0x0000000019360000,0x0000000019460000)]
  0x00000000030dd800 JavaThread "Finalizer" daemon [_thread_blocked, id=12980, stack(0x0000000019160000,0x0000000019260000)]
  0x0000000018c80800 JavaThread "Reference Handler" daemon [_thread_blocked, id=10156, stack(0x0000000019060000,0x0000000019160000)]
  0x0000000002fe2800 JavaThread "main" [_thread_blocked, id=12236, stack(0x0000000002e50000,0x0000000002f50000)]

Other Threads:
  0x0000000016e96800 VMThread [stack: 0x0000000018b60000,0x0000000018c60000] [id=12068]
  0x0000000018d2b000 WatcherThread [stack: 0x0000000019a60000,0x0000000019b60000] [id=14736]

VM state:not at safepoint (normal execution)

VM Mutex/Monitor currently owned by a thread: None

heap address: 0x00000000a0000000, size: 1536 MB, Compressed Oops mode: 32-bit
Narrow klass base: 0x0000000000000000, Narrow klass shift: 3
Compressed class space size: 1073741824 Address: 0x0000000100000000

Heap:
 PSYoungGen      total 284672K, used 125365K [0x00000000e0000000, 0x00000000f5800000, 0x0000000100000000)
  eden space 244736K, 43% used [0x00000000e0000000,0x00000000e6724328,0x00000000eef00000)
  from space 39936K, 49% used [0x00000000f1480000,0x00000000f27c9398,0x00000000f3b80000)
  to   space 38400K, 0% used [0x00000000eef00000,0x00000000eef00000,0x00000000f1480000)
 ParOldGen       total 380416K, used 57236K [0x00000000a0000000, 0x00000000b7380000, 0x00000000e0000000)
  object space 380416K, 15% used [0x00000000a0000000,0x00000000a37e53f0,0x00000000b7380000)
 Metaspace       used 96236K, capacity 99817K, committed 101888K, reserved 1138688K
  class space    used 12204K, capacity 12883K, committed 13312K, reserved 1048576K

Card table byte_map: [0x00000000124a0000,0x00000000127b0000] byte_map_base: 0x0000000011fa0000

Marking Bits: (ParMarkBitMap*) 0x0000000076f59f30
 Begin Bits: [0x00000000131b0000, 0x00000000149b0000)
 End Bits:   [0x00000000149b0000, 0x00000000161b0000)

Polling page: 0x0000000000df0000

CodeCache: size=245760Kb used=55256Kb max_used=55256Kb free=190503Kb
 bounds [0x00000000030e0000, 0x0000000006720000, 0x00000000120e0000]
 total_blobs=17503 nmethods=16510 adapters=905
 compilation: enabled

Compilation events (10 events):
Event: 5741.709 Thread 0x0000000018cad000 20392       2       com.android.tools.r8.code.k0::<init> (77 bytes)
Event: 5741.710 Thread 0x0000000018cad000 nmethod 20392 0x0000000006719a50 code [0x0000000006719ba0, 0x0000000006719d10]
Event: 5741.715 Thread 0x0000000018cad000 20394       2       com.android.tools.r8.ir.analysis.type.FloatTypeLatticeElement::hashCode (7 bytes)
Event: 5741.715 Thread 0x0000000018cad000 nmethod 20394 0x0000000006719d90 code [0x0000000006719f00, 0x000000000671a088]
Event: 5741.719 Thread 0x0000000018cad000 20395       2       com.android.tools.r8.ir.code.Div::a (45 bytes)
Event: 5741.720 Thread 0x0000000018cad000 nmethod 20395 0x000000000671a110 code [0x000000000671a2c0, 0x000000000671a5c8]
Event: 5741.720 Thread 0x0000000018cad000 20396       2       com.android.tools.r8.ir.code.h0::b (7 bytes)
Event: 5741.720 Thread 0x0000000018cad000 nmethod 20396 0x000000000671a7d0 code [0x000000000671a920, 0x000000000671aa90]
Event: 5741.722 Thread 0x0000000018cad000 20397       2       com.android.tools.r8.ir.code.NumberConversion::asNumberConversion (2 bytes)
Event: 5741.722 Thread 0x0000000018cad000 nmethod 20397 0x000000000671ab90 code [0x000000000671ace0, 0x000000000671ae30]

GC Heap History (10 events):
Event: 5739.328 GC heap before
{Heap before GC invocations=26 (full 4):
 PSYoungGen      total 216064K, used 177871K [0x00000000e0000000, 0x00000000f1d80000, 0x0000000100000000)
  eden space 171008K, 100% used [0x00000000e0000000,0x00000000ea700000,0x00000000ea700000)
  from space 45056K, 15% used [0x00000000ea700000,0x00000000eadb3db0,0x00000000ed300000)
  to   space 45568K, 0% used [0x00000000ef100000,0x00000000ef100000,0x00000000f1d80000)
 ParOldGen       total 380416K, used 57203K [0x00000000a0000000, 0x00000000b7380000, 0x00000000e0000000)
  object space 380416K, 15% used [0x00000000a0000000,0x00000000a37dcd68,0x00000000b7380000)
 Metaspace       used 94603K, capacity 98039K, committed 100352K, reserved 1136640K
  class space    used 12099K, capacity 12772K, committed 13312K, reserved 1048576K
Event: 5739.338 GC heap after
Heap after GC invocations=26 (full 4):
 PSYoungGen      total 247296K, used 10229K [0x00000000e0000000, 0x00000000f1d80000, 0x0000000100000000)
  eden space 201728K, 0% used [0x00000000e0000000,0x00000000e0000000,0x00000000ec500000)
  from space 45568K, 22% used [0x00000000ef100000,0x00000000efafd548,0x00000000f1d80000)
  to   space 45056K, 0% used [0x00000000ec500000,0x00000000ec500000,0x00000000ef100000)
 ParOldGen       total 380416K, used 57211K [0x00000000a0000000, 0x00000000b7380000, 0x00000000e0000000)
  object space 380416K, 15% used [0x00000000a0000000,0x00000000a37ded68,0x00000000b7380000)
 Metaspace       used 94603K, capacity 98039K, committed 100352K, reserved 1136640K
  class space    used 12099K, capacity 12772K, committed 13312K, reserved 1048576K
}
Event: 5739.790 GC heap before
{Heap before GC invocations=27 (full 4):
 PSYoungGen      total 247296K, used 211957K [0x00000000e0000000, 0x00000000f1d80000, 0x0000000100000000)
  eden space 201728K, 100% used [0x00000000e0000000,0x00000000ec500000,0x00000000ec500000)
  from space 45568K, 22% used [0x00000000ef100000,0x00000000efafd548,0x00000000f1d80000)
  to   space 45056K, 0% used [0x00000000ec500000,0x00000000ec500000,0x00000000ef100000)
 ParOldGen       total 380416K, used 57212K [0x00000000a0000000, 0x00000000b7380000, 0x00000000e0000000)
  object space 380416K, 15% used [0x00000000a0000000,0x00000000a37df3f0,0x00000000b7380000)
 Metaspace       used 94867K, capacity 98379K, committed 100608K, reserved 1136640K
  class space    used 12138K, capacity 12830K, committed 13312K, reserved 1048576K
Event: 5739.802 GC heap after
Heap after GC invocations=27 (full 4):
 PSYoungGen      total 246784K, used 15899K [0x00000000e0000000, 0x00000000f3f00000, 0x0000000100000000)
  eden space 201728K, 0% used [0x00000000e0000000,0x00000000e0000000,0x00000000ec500000)
  from space 45056K, 35% used [0x00000000ec500000,0x00000000ed486ef0,0x00000000ef100000)
  to   space 43520K, 0% used [0x00000000f1480000,0x00000000f1480000,0x00000000f3f00000)
 ParOldGen       total 380416K, used 57220K [0x00000000a0000000, 0x00000000b7380000, 0x00000000e0000000)
  object space 380416K, 15% used [0x00000000a0000000,0x00000000a37e13f0,0x00000000b7380000)
 Metaspace       used 94867K, capacity 98379K, committed 100608K, reserved 1136640K
  class space    used 12138K, capacity 12830K, committed 13312K, reserved 1048576K
}
Event: 5740.246 GC heap before
{Heap before GC invocations=28 (full 4):
 PSYoungGen      total 246784K, used 217627K [0x00000000e0000000, 0x00000000f3f00000, 0x0000000100000000)
  eden space 201728K, 100% used [0x00000000e0000000,0x00000000ec500000,0x00000000ec500000)
  from space 45056K, 35% used [0x00000000ec500000,0x00000000ed486ef0,0x00000000ef100000)
  to   space 43520K, 0% used [0x00000000f1480000,0x00000000f1480000,0x00000000f3f00000)
 ParOldGen       total 380416K, used 57220K [0x00000000a0000000, 0x00000000b7380000, 0x00000000e0000000)
  object space 380416K, 15% used [0x00000000a0000000,0x00000000a37e13f0,0x00000000b7380000)
 Metaspace       used 95170K, capacity 98689K, committed 100864K, reserved 1136640K
  class space    used 12141K, capacity 12835K, committed 13312K, reserved 1048576K
Event: 5740.259 GC heap after
Heap after GC invocations=28 (full 4):
 PSYoungGen      total 280064K, used 17116K [0x00000000e0000000, 0x00000000f3b80000, 0x0000000100000000)
  eden space 240128K, 0% used [0x00000000e0000000,0x00000000e0000000,0x00000000eea80000)
  from space 39936K, 42% used [0x00000000f1480000,0x00000000f2537338,0x00000000f3b80000)
  to   space 41472K, 0% used [0x00000000eea80000,0x00000000eea80000,0x00000000f1300000)
 ParOldGen       total 380416K, used 57228K [0x00000000a0000000, 0x00000000b7380000, 0x00000000e0000000)
  object space 380416K, 15% used [0x00000000a0000000,0x00000000a37e33f0,0x00000000b7380000)
 Metaspace       used 95170K, capacity 98689K, committed 100864K, reserved 1136640K
  class space    used 12141K, capacity 12835K, committed 13312K, reserved 1048576K
}
Event: 5740.848 GC heap before
{Heap before GC invocations=29 (full 4):
 PSYoungGen      total 280064K, used 257244K [0x00000000e0000000, 0x00000000f3b80000, 0x0000000100000000)
  eden space 240128K, 100% used [0x00000000e0000000,0x00000000eea80000,0x00000000eea80000)
  from space 39936K, 42% used [0x00000000f1480000,0x00000000f2537338,0x00000000f3b80000)
  to   space 41472K, 0% used [0x00000000eea80000,0x00000000eea80000,0x00000000f1300000)
 ParOldGen       total 380416K, used 57228K [0x00000000a0000000, 0x00000000b7380000, 0x00000000e0000000)
  object space 380416K, 15% used [0x00000000a0000000,0x00000000a37e33f0,0x00000000b7380000)
 Metaspace       used 96001K, capacity 99599K, committed 101632K, reserved 1138688K
  class space    used 12195K, capacity 12880K, committed 13312K, reserved 1048576K
Event: 5740.868 GC heap after
Heap after GC invocations=29 (full 4):
 PSYoungGen      total 281600K, used 22055K [0x00000000e0000000, 0x00000000f3b80000, 0x0000000100000000)
  eden space 240128K, 0% used [0x00000000e0000000,0x00000000e0000000,0x00000000eea80000)
  from space 41472K, 53% used [0x00000000eea80000,0x00000000f0009f70,0x00000000f1300000)
  to   space 39936K, 0% used [0x00000000f1480000,0x00000000f1480000,0x00000000f3b80000)
 ParOldGen       total 380416K, used 57228K [0x00000000a0000000, 0x00000000b7380000, 0x00000000e0000000)
  object space 380416K, 15% used [0x00000000a0000000,0x00000000a37e33f0,0x00000000b7380000)
 Metaspace       used 96001K, capacity 99599K, committed 101632K, reserved 1138688K
  class space    used 12195K, capacity 12880K, committed 13312K, reserved 1048576K
}
Event: 5741.491 GC heap before
{Heap before GC invocations=30 (full 4):
 PSYoungGen      total 281600K, used 262183K [0x00000000e0000000, 0x00000000f3b80000, 0x0000000100000000)
  eden space 240128K, 100% used [0x00000000e0000000,0x00000000eea80000,0x00000000eea80000)
  from space 41472K, 53% used [0x00000000eea80000,0x00000000f0009f70,0x00000000f1300000)
  to   space 39936K, 0% used [0x00000000f1480000,0x00000000f1480000,0x00000000f3b80000)
 ParOldGen       total 380416K, used 57228K [0x00000000a0000000, 0x00000000b7380000, 0x00000000e0000000)
  object space 380416K, 15% used [0x00000000a0000000,0x00000000a37e33f0,0x00000000b7380000)
 Metaspace       used 96215K, capacity 99753K, committed 101632K, reserved 1138688K
  class space    used 12204K, capacity 12883K, committed 13312K, reserved 1048576K
Event: 5741.505 GC heap after
Heap after GC invocations=30 (full 4):
 PSYoungGen      total 284672K, used 19748K [0x00000000e0000000, 0x00000000f5800000, 0x0000000100000000)
  eden space 244736K, 0% used [0x00000000e0000000,0x00000000e0000000,0x00000000eef00000)
  from space 39936K, 49% used [0x00000000f1480000,0x00000000f27c9398,0x00000000f3b80000)
  to   space 38400K, 0% used [0x00000000eef00000,0x00000000eef00000,0x00000000f1480000)
 ParOldGen       total 380416K, used 57236K [0x00000000a0000000, 0x00000000b7380000, 0x00000000e0000000)
  object space 380416K, 15% used [0x00000000a0000000,0x00000000a37e53f0,0x00000000b7380000)
 Metaspace       used 96215K, capacity 99753K, committed 101632K, reserved 1138688K
  class space    used 12204K, capacity 12883K, committed 13312K, reserved 1048576K
}

Deoptimization events (10 events):
Event: 5740.541 Thread 0x000000001e749000 Uncommon trap: reason=class_check action=maybe_recompile pc=0x0000000003d1f2e8 method=sun.reflect.generics.reflectiveObjects.TypeVariableImpl.getGenericDeclaration()Ljava/lang/reflect/GenericDeclaration; @ 4
Event: 5740.541 Thread 0x000000001e749000 Uncommon trap: reason=class_check action=maybe_recompile pc=0x0000000003d1f2e8 method=sun.reflect.generics.reflectiveObjects.TypeVariableImpl.getGenericDeclaration()Ljava/lang/reflect/GenericDeclaration; @ 4
Event: 5740.541 Thread 0x000000001e749000 Uncommon trap: reason=class_check action=maybe_recompile pc=0x0000000003d1f2e8 method=sun.reflect.generics.reflectiveObjects.TypeVariableImpl.getGenericDeclaration()Ljava/lang/reflect/GenericDeclaration; @ 4
Event: 5740.541 Thread 0x000000001e749000 Uncommon trap: reason=class_check action=maybe_recompile pc=0x0000000003d1f2e8 method=sun.reflect.generics.reflectiveObjects.TypeVariableImpl.getGenericDeclaration()Ljava/lang/reflect/GenericDeclaration; @ 4
Event: 5740.554 Thread 0x000000001e749000 Uncommon trap: reason=class_check action=maybe_recompile pc=0x0000000005e13f70 method=java.util.regex.Pattern$CharProperty$1.isSatisfiedBy(I)Z @ 5
Event: 5740.554 Thread 0x000000001e749000 Uncommon trap: reason=class_check action=maybe_recompile pc=0x0000000005e13f70 method=java.util.regex.Pattern$CharProperty$1.isSatisfiedBy(I)Z @ 5
Event: 5740.554 Thread 0x000000001e749000 Uncommon trap: reason=class_check action=maybe_recompile pc=0x0000000005e13f70 method=java.util.regex.Pattern$CharProperty$1.isSatisfiedBy(I)Z @ 5
Event: 5740.554 Thread 0x000000001e749000 Uncommon trap: reason=class_check action=maybe_recompile pc=0x0000000005e13f70 method=java.util.regex.Pattern$CharProperty$1.isSatisfiedBy(I)Z @ 5
Event: 5741.164 Thread 0x000000001ccb2800 Uncommon trap: reason=unstable_if action=reinterpret pc=0x0000000005b62bc8 method=com.android.tools.r8.graph.DexString.slowCompareTo(Lcom/android/tools/r8/graph/DexString;)I @ 141
Event: 5741.471 Thread 0x000000001ccb1000 Uncommon trap: reason=unstable_if action=reinterpret pc=0x00000000061514f8 method=com.android.tools.r8.graph.w.j(Ljava/lang/String;)[Ljava/lang/String; @ 148

Classes redefined (0 events):
No events

Internal exceptions (10 events):
Event: 5740.344 Thread 0x000000001ccbc000 Exception <a 'sun/nio/fs/WindowsException'> (0x00000000e23663d0) thrown at [D:\src\AOSP-openjdk-cygwin\jdk8u\hotspot\src\share\vm\prims\jni.cpp, line 710]
Event: 5740.347 Thread 0x000000001ccbc000 Exception <a 'sun/nio/fs/WindowsException'> (0x00000000e236ca08) thrown at [D:\src\AOSP-openjdk-cygwin\jdk8u\hotspot\src\share\vm\prims\jni.cpp, line 710]
Event: 5740.349 Thread 0x000000001ccbc000 Exception <a 'sun/nio/fs/WindowsException'> (0x00000000e27b4990) thrown at [D:\src\AOSP-openjdk-cygwin\jdk8u\hotspot\src\share\vm\prims\jni.cpp, line 710]
Event: 5740.352 Thread 0x000000001ccbc000 Exception <a 'sun/nio/fs/WindowsException'> (0x00000000e27bbc88) thrown at [D:\src\AOSP-openjdk-cygwin\jdk8u\hotspot\src\share\vm\prims\jni.cpp, line 710]
Event: 5740.353 Thread 0x000000001ccbc000 Exception <a 'sun/nio/fs/WindowsException'> (0x00000000e27c2228) thrown at [D:\src\AOSP-openjdk-cygwin\jdk8u\hotspot\src\share\vm\prims\jni.cpp, line 710]
Event: 5740.355 Thread 0x000000001ccbc000 Exception <a 'sun/nio/fs/WindowsException'> (0x00000000e27c9820) thrown at [D:\src\AOSP-openjdk-cygwin\jdk8u\hotspot\src\share\vm\prims\jni.cpp, line 710]
Event: 5740.356 Thread 0x000000001ccbc000 Exception <a 'sun/nio/fs/WindowsException'> (0x00000000e2b5e1c0) thrown at [D:\src\AOSP-openjdk-cygwin\jdk8u\hotspot\src\share\vm\prims\jni.cpp, line 710]
Event: 5740.367 Thread 0x000000001ccbc000 Exception <a 'sun/nio/fs/WindowsException'> (0x00000000e2b64960) thrown at [D:\src\AOSP-openjdk-cygwin\jdk8u\hotspot\src\share\vm\prims\jni.cpp, line 710]
Event: 5740.589 Thread 0x000000001ccb1000 Exception <a 'sun/nio/fs/WindowsException'> (0x00000000e7e3a000) thrown at [D:\src\AOSP-openjdk-cygwin\jdk8u\hotspot\src\share\vm\prims\jni.cpp, line 710]
Event: 5741.255 Thread 0x000000001ccb2800 Exception <a 'sun/nio/fs/WindowsException'> (0x00000000e8d134f0) thrown at [D:\src\AOSP-openjdk-cygwin\jdk8u\hotspot\src\share\vm\prims\jni.cpp, line 710]

Events (10 events):
Event: 5741.635 Thread 0x000000001ccb1000 DEOPT PACKING pc=0x0000000005f1ca24 sp=0x000000002745b560
Event: 5741.635 Thread 0x000000001ccb1000 DEOPT UNPACKING pc=0x00000000031275d0 sp=0x000000002745b348 mode 0
Event: 5741.654 Thread 0x000000001ccb1000 DEOPT PACKING pc=0x0000000005f1ca24 sp=0x000000002745b560
Event: 5741.654 Thread 0x000000001ccb1000 DEOPT UNPACKING pc=0x00000000031275d0 sp=0x000000002745b348 mode 0
Event: 5741.700 Executing VM operation: RevokeBias
Event: 5741.700 Executing VM operation: RevokeBias done
Event: 5741.700 Thread 0x000000001e441000 Thread exited: 0x000000001e441000
Event: 5741.700 Executing VM operation: RevokeBias
Event: 5741.700 Executing VM operation: RevokeBias done
Event: 5741.701 Thread 0x000000001e43b000 Thread exited: 0x000000001e43b000


Dynamic libraries:
0x00007ff7fa6f0000 - 0x00007ff7fa721000 	C:\Program Files\Android\Android Studio\jre\bin\java.exe
0x00007ffdd7980000 - 0x00007ffdd7b70000 	C:\WINDOWS\SYSTEM32\ntdll.dll
0x00007ffdd6780000 - 0x00007ffdd6832000 	C:\WINDOWS\System32\KERNEL32.DLL
0x00007ffdd4c10000 - 0x00007ffdd4eb3000 	C:\WINDOWS\System32\KERNELBASE.dll
0x00007ffdd5b00000 - 0x00007ffdd5ba3000 	C:\WINDOWS\System32\ADVAPI32.dll
0x00007ffdd5cb0000 - 0x00007ffdd5d4e000 	C:\WINDOWS\System32\msvcrt.dll
0x00007ffdd6840000 - 0x00007ffdd68d7000 	C:\WINDOWS\System32\sechost.dll
0x00007ffdd7820000 - 0x00007ffdd7940000 	C:\WINDOWS\System32\RPCRT4.dll
0x00007ffdd7610000 - 0x00007ffdd77a4000 	C:\WINDOWS\System32\USER32.dll
0x00007ffdd4a90000 - 0x00007ffdd4ab1000 	C:\WINDOWS\System32\win32u.dll
0x00007ffdd6d20000 - 0x00007ffdd6d46000 	C:\WINDOWS\System32\GDI32.dll
0x00007ffdd4ec0000 - 0x00007ffdd5054000 	C:\WINDOWS\System32\gdi32full.dll
0x00007ffdd5060000 - 0x00007ffdd50fe000 	C:\WINDOWS\System32\msvcp_win.dll
0x00007ffdd4940000 - 0x00007ffdd4a3a000 	C:\WINDOWS\System32\ucrtbase.dll
0x00007ffdc2bd0000 - 0x00007ffdc2e55000 	C:\WINDOWS\WinSxS\amd64_microsoft.windows.common-controls_6595b64144ccf1df_6.0.18362.449_none_e6c7b265130c70a7\COMCTL32.dll
0x00007ffdd5d50000 - 0x00007ffdd6086000 	C:\WINDOWS\System32\combase.dll
0x00007ffdd4b70000 - 0x00007ffdd4bf0000 	C:\WINDOWS\System32\bcryptPrimitives.dll
0x00007ffdd5bb0000 - 0x00007ffdd5bde000 	C:\WINDOWS\System32\IMM32.DLL
0x0000000077730000 - 0x0000000077802000 	C:\Program Files\Android\Android Studio\jre\jre\bin\msvcr100.dll
0x0000000076790000 - 0x0000000076fd6000 	C:\Program Files\Android\Android Studio\jre\jre\bin\server\jvm.dll
0x00007ffdd77b0000 - 0x00007ffdd77b8000 	C:\WINDOWS\System32\PSAPI.DLL
0x00007ffdd10d0000 - 0x00007ffdd10d9000 	C:\WINDOWS\SYSTEM32\WSOCK32.dll
0x00007ffdd29b0000 - 0x00007ffdd29d4000 	C:\WINDOWS\SYSTEM32\WINMM.dll
0x00007ffdce650000 - 0x00007ffdce65a000 	C:\WINDOWS\SYSTEM32\VERSION.dll
0x00007ffdd6b10000 - 0x00007ffdd6b7f000 	C:\WINDOWS\System32\WS2_32.dll
0x00007ffdd2930000 - 0x00007ffdd295d000 	C:\WINDOWS\SYSTEM32\winmmbase.dll
0x00007ffdd4a40000 - 0x00007ffdd4a8a000 	C:\WINDOWS\System32\cfgmgr32.dll
0x00007ffdcf2c0000 - 0x00007ffdcf2cf000 	C:\Program Files\Android\Android Studio\jre\jre\bin\verify.dll
0x00007ffdcced0000 - 0x00007ffdccef9000 	C:\Program Files\Android\Android Studio\jre\jre\bin\java.dll
0x00007ffdcceb0000 - 0x00007ffdccec6000 	C:\Program Files\Android\Android Studio\jre\jre\bin\zip.dll
0x00007ffdd6090000 - 0x00007ffdd6775000 	C:\WINDOWS\System32\SHELL32.dll
0x00007ffdd5c00000 - 0x00007ffdd5ca9000 	C:\WINDOWS\System32\shcore.dll
0x00007ffdd52b0000 - 0x00007ffdd5a2e000 	C:\WINDOWS\System32\windows.storage.dll
0x00007ffdd4880000 - 0x00007ffdd489f000 	C:\WINDOWS\System32\profapi.dll
0x00007ffdd48c0000 - 0x00007ffdd490a000 	C:\WINDOWS\System32\powrprof.dll
0x00007ffdd4850000 - 0x00007ffdd4860000 	C:\WINDOWS\System32\UMPDC.dll
0x00007ffdd7530000 - 0x00007ffdd7582000 	C:\WINDOWS\System32\shlwapi.dll
0x00007ffdd48a0000 - 0x00007ffdd48b1000 	C:\WINDOWS\System32\kernel.appcore.dll
0x00007ffdd4bf0000 - 0x00007ffdd4c07000 	C:\WINDOWS\System32\cryptsp.dll
0x00007ffdc01a0000 - 0x00007ffdc01ba000 	C:\Program Files\Android\Android Studio\jre\jre\bin\net.dll
0x00007ffdd40c0000 - 0x00007ffdd4127000 	C:\WINDOWS\system32\mswsock.dll
0x00007ffdbff40000 - 0x00007ffdbff51000 	C:\Program Files\Android\Android Studio\jre\jre\bin\nio.dll
0x00007ffdb4cf0000 - 0x00007ffdb4d16000 	C:\Users\Gokul\.gradle\native\29\windows-amd64\native-platform.dll
0x00007ffdcddf0000 - 0x00007ffdcddfd000 	C:\Program Files\Android\Android Studio\jre\jre\bin\management.dll
0x00007ffdd3c30000 - 0x00007ffdd3c63000 	C:\WINDOWS\system32\rsaenh.dll
0x00007ffdd4910000 - 0x00007ffdd4936000 	C:\WINDOWS\System32\bcrypt.dll
0x00007ffdd4740000 - 0x00007ffdd4765000 	C:\WINDOWS\SYSTEM32\USERENV.dll
0x00007ffdd4290000 - 0x00007ffdd429c000 	C:\WINDOWS\SYSTEM32\CRYPTBASE.dll
0x00007ffdd3dd0000 - 0x00007ffdd3e0a000 	C:\WINDOWS\SYSTEM32\IPHLPAPI.DLL
0x00007ffdd6d50000 - 0x00007ffdd6d58000 	C:\WINDOWS\System32\NSI.dll
0x00007ffdce6d0000 - 0x00007ffdce6e6000 	C:\WINDOWS\SYSTEM32\dhcpcsvc6.DLL
0x00007ffdce610000 - 0x00007ffdce62c000 	C:\WINDOWS\SYSTEM32\dhcpcsvc.DLL
0x00007ffdd3e10000 - 0x00007ffdd3eda000 	C:\WINDOWS\SYSTEM32\DNSAPI.dll
0x00007ffdacea0000 - 0x00007ffdad03c000 	C:\Program Files\Android\Android Studio\jre\jre\bin\awt.dll
0x00007ffdd68e0000 - 0x00007ffdd69a4000 	C:\WINDOWS\System32\OLEAUT32.dll
0x00007ffdd2fd0000 - 0x00007ffdd2ffd000 	C:\WINDOWS\SYSTEM32\dwmapi.dll
0x00007ffdd1400000 - 0x00007ffdd19c0000 	C:\WINDOWS\SYSTEM32\d2d1.dll
0x00007ffdd2ab0000 - 0x00007ffdd2b3f000 	C:\WINDOWS\SYSTEM32\apphelp.dll
0x00007ffdd2bb0000 - 0x00007ffdd2c49000 	C:\WINDOWS\system32\uxtheme.dll

VM Arguments:
jvm_args: -Xmx1536m -Dfile.encoding=windows-1252 -Duser.country=US -Duser.language=en -Duser.variant 
java_command: org.gradle.launcher.daemon.bootstrap.GradleDaemon 5.4.1
java_class_path (initial): C:\Users\Gokul\.gradle\wrapper\dists\gradle-5.4.1-all\3221gyojl5jsh0helicew7rwx\gradle-5.4.1\lib\gradle-launcher-5.4.1.jar
Launcher Type: SUN_STANDARD

Environment Variables:
PATH=C:\ProgramData\Boxstarter;C:\msys64\usr\bin;C:\ProgramData\chocolatey\bin;C:\Program Files (x86)\NVIDIA Corporation\PhysX\Common;C:\Program Files\NVIDIA Corporation\NVIDIA NvDLISR;C:\Program Files\Git\cmd;C:\Users\Gokul\AppData\Local\Programs\Python\Python35\Lib\site-packages;C:\Users\Gokul\AppData\Local\Programs\Python\Python35\Lib\site-packages\tensorflow;C:\Users\Gokul\AppData\Local\Programs\Python\Python35\;C:\Users\Gokul\AppData\Local\Programs\Python\Python35\Lib\site-packages\cv2;C:\Users\Gokul\AppData\Local\Programs\Python\Python35\Scripts\;C:\Program Files (x86)\Windows Kits\10\Windows Performance Toolkit\;;C:\WINDOWS\system32;C:\WINDOWS;C:\WINDOWS\System32\Wbem;C:\WINDOWS\System32\WindowsPowerShell\v1.0\;C:\WINDOWS\System32\OpenSSH\;C:\Program Files\nodejs\;C:\Users\Gokul\AppData\Local\Programs\Python\Python37-32\Scripts\;C:\Users\Gokul\AppData\Local\Programs\Python\Python37-32\;C:\Users\Gokul\AppData\Local\Programs\Python\Python35\python.exe;C:\ProgramData\chocolatey\lib\msys2;C:\tools\msys64;C:\Program Files\Java\jdk-11.0.1\bin;C:\Program Files\JetBrains\PyCharm 2018.3.3\bin;C:\Users\Gokul\AppData\Local\Programs\Python\Python35\Lib\site-packages\tensorflow;C:\Users\Gokul\AppData\Local\Programs\Python\Python35\Lib\site-packages;C:\Users\Gokul\AppData\Local\Programs\Python\Python35\Lib\site-packages\cv2;C:\Users\Gokul\AppData\Local\Programs\Microsoft VS Code\bin;D:\Softwares I wont use much\Microsoft VS Code\bin;C:\Users\Gokul\AppData\Local\Android\Sdk\platform-tools;;C:\Users\Gokul\AppData\Local\Microsoft\WindowsApps;C:\Users\Gokul\AppData\Roaming\npm
USERNAME=Gokul
OS=Windows_NT
PROCESSOR_IDENTIFIER=Intel64 Family 6 Model 158 Stepping 9, GenuineIntel



---------------  S Y S T E M  ---------------

OS: Windows 10.0 , 64 bit Build 18362 (10.0.18362.329)

CPU:total 8 (initial active 8) (4 cores per cpu, 2 threads per core) family 6 model 158 stepping 9, cmov, cx8, fxsr, mmx, sse, sse2, sse3, ssse3, sse4.1, sse4.2, popcnt, avx, avx2, aes, clmul, erms, 3dnowpref, lzcnt, ht, tsc, tscinvbit, bmi1, bmi2, adx

Memory: 4k page, physical 16658020k(3422080k free), swap 16658020k(720k free)

vm_info: OpenJDK 64-Bit Server VM (25.202-b03) for windows-amd64 JRE (1.8.0_202-release-1483-b03), built by "builder" with MS VC++ 10.0 (VS2010)

time: Thu Nov 07 12:45:36 2019
timezone: India Standard Time
elapsed time: 5741 seconds (0d 1h 35m 41s)

